  Animation.c
  AnimationState.c
  AnimationStateData.c
  Atlas.c
  AtlasAttachmentLoader.c
  Attachment.c
  AttachmentLoader.c
  Bone.c
  BoneData.c
  BoundingBoxAttachment.c
  Event.c
  EventData.c
  extension.c
  IkConstraint.c
  IkConstraintData.c
  Json.c
  MeshAttachment.c
  PathAttachment.c
  PathConstraint.c
  PathConstraintData.c
  RegionAttachment.c
  Skeleton.c
  SkeletonBinary.c
  SkeletonBounds.c
  SkeletonData.c
  SkeletonJson.c
  Skin.c
  Slot.c
  SlotData.c
d:\2017blueholeinternproject\basketballgame\cocos2d\cocos\editor-support\spine\skeletonbinary.c(294): warning C4018: '<': signed 또는 unsigned가 일치하지 않습니다.
d:\2017blueholeinternproject\basketballgame\cocos2d\cocos\editor-support\spine\skeletonbinary.c(357): warning C4018: '<': signed 또는 unsigned가 일치하지 않습니다.
d:\2017blueholeinternproject\basketballgame\cocos2d\cocos\editor-support\spine\skeletonbinary.c(469): warning C4018: '<': signed 또는 unsigned가 일치하지 않습니다.
  TransformConstraint.c
  TransformConstraintData.c
  VertexAttachment.c
  AttachmentVertices.cpp
  Cocos2dAttachmentLoader.cpp
  SkeletonAnimation.cpp
  SkeletonBatch.cpp
  SkeletonRenderer.cpp
  spine-cocos2dx.cpp
d:\2017blueholeinternproject\basketballgame\cocos2d\cocos\physics\ccphysicsbody.h : warning C4819: 현재 코드 페이지(949)에서 표시할 수 없는 문자가 파일에 들어 있습니다. 데이터가 손실되지 않게 하려면 해당 파일을 유니코드 형식으로 저장하십시오. (소스 파일 컴파일 중 ..\AttachmentVertices.cpp)
d:\2017blueholeinternproject\basketballgame\cocos2d\cocos\physics\ccphysicsshape.h : warning C4819: 현재 코드 페이지(949)에서 표시할 수 없는 문자가 파일에 들어 있습니다. 데이터가 손실되지 않게 하려면 해당 파일을 유니코드 형식으로 저장하십시오. (소스 파일 컴파일 중 ..\AttachmentVertices.cpp)
d:\2017blueholeinternproject\basketballgame\cocos2d\cocos\physics\ccphysicsbody.h : warning C4819: 현재 코드 페이지(949)에서 표시할 수 없는 문자가 파일에 들어 있습니다. 데이터가 손실되지 않게 하려면 해당 파일을 유니코드 형식으로 저장하십시오. (소스 파일 컴파일 중 ..\SkeletonBatch.cpp)
d:\2017blueholeinternproject\basketballgame\cocos2d\cocos\physics\ccphysicsshape.h : warning C4819: 현재 코드 페이지(949)에서 표시할 수 없는 문자가 파일에 들어 있습니다. 데이터가 손실되지 않게 하려면 해당 파일을 유니코드 형식으로 저장하십시오. (소스 파일 컴파일 중 ..\SkeletonBatch.cpp)
d:\2017blueholeinternproject\basketballgame\cocos2d\cocos\physics\ccphysicsbody.h : warning C4819: 현재 코드 페이지(949)에서 표시할 수 없는 문자가 파일에 들어 있습니다. 데이터가 손실되지 않게 하려면 해당 파일을 유니코드 형식으로 저장하십시오. (소스 파일 컴파일 중 ..\SkeletonRenderer.cpp)
d:\2017blueholeinternproject\basketballgame\cocos2d\cocos\physics\ccphysicsshape.h : warning C4819: 현재 코드 페이지(949)에서 표시할 수 없는 문자가 파일에 들어 있습니다. 데이터가 손실되지 않게 하려면 해당 파일을 유니코드 형식으로 저장하십시오. (소스 파일 컴파일 중 ..\SkeletonRenderer.cpp)
d:\2017blueholeinternproject\basketballgame\cocos2d\cocos\physics\ccphysicsbody.h : warning C4819: 현재 코드 페이지(949)에서 표시할 수 없는 문자가 파일에 들어 있습니다. 데이터가 손실되지 않게 하려면 해당 파일을 유니코드 형식으로 저장하십시오. (소스 파일 컴파일 중 ..\SkeletonAnimation.cpp)
d:\2017blueholeinternproject\basketballgame\cocos2d\cocos\physics\ccphysicsshape.h : warning C4819: 현재 코드 페이지(949)에서 표시할 수 없는 문자가 파일에 들어 있습니다. 데이터가 손실되지 않게 하려면 해당 파일을 유니코드 형식으로 저장하십시오. (소스 파일 컴파일 중 ..\SkeletonAnimation.cpp)
d:\2017blueholeinternproject\basketballgame\cocos2d\cocos\physics\ccphysicsbody.h : warning C4819: 현재 코드 페이지(949)에서 표시할 수 없는 문자가 파일에 들어 있습니다. 데이터가 손실되지 않게 하려면 해당 파일을 유니코드 형식으로 저장하십시오. (소스 파일 컴파일 중 ..\spine-cocos2dx.cpp)
d:\2017blueholeinternproject\basketballgame\cocos2d\cocos\physics\ccphysicsshape.h : warning C4819: 현재 코드 페이지(949)에서 표시할 수 없는 문자가 파일에 들어 있습니다. 데이터가 손실되지 않게 하려면 해당 파일을 유니코드 형식으로 저장하십시오. (소스 파일 컴파일 중 ..\spine-cocos2dx.cpp)
d:\2017blueholeinternproject\basketballgame\cocos2d\cocos\physics\ccphysicsbody.h : warning C4819: 현재 코드 페이지(949)에서 표시할 수 없는 문자가 파일에 들어 있습니다. 데이터가 손실되지 않게 하려면 해당 파일을 유니코드 형식으로 저장하십시오. (소스 파일 컴파일 중 ..\Cocos2dAttachmentLoader.cpp)
d:\2017blueholeinternproject\basketballgame\cocos2d\cocos\physics\ccphysicsshape.h : warning C4819: 현재 코드 페이지(949)에서 표시할 수 없는 문자가 파일에 들어 있습니다. 데이터가 손실되지 않게 하려면 해당 파일을 유니코드 형식으로 저장하십시오. (소스 파일 컴파일 중 ..\Cocos2dAttachmentLoader.cpp)
d:\2017blueholeinternproject\basketballgame\cocos2d\cocos\base\ccutf8.h : warning C4819: 현재 코드 페이지(949)에서 표시할 수 없는 문자가 파일에 들어 있습니다. 데이터가 손실되지 않게 하려면 해당 파일을 유니코드 형식으로 저장하십시오. (소스 파일 컴파일 중 ..\SkeletonBatch.cpp)
d:\2017blueholeinternproject\basketballgame\cocos2d\cocos\base\ccutf8.h : warning C4819: 현재 코드 페이지(949)에서 표시할 수 없는 문자가 파일에 들어 있습니다. 데이터가 손실되지 않게 하려면 해당 파일을 유니코드 형식으로 저장하십시오. (소스 파일 컴파일 중 ..\AttachmentVertices.cpp)
d:\2017blueholeinternproject\basketballgame\cocos2d\cocos\base\ccutf8.h : warning C4819: 현재 코드 페이지(949)에서 표시할 수 없는 문자가 파일에 들어 있습니다. 데이터가 손실되지 않게 하려면 해당 파일을 유니코드 형식으로 저장하십시오. (소스 파일 컴파일 중 ..\SkeletonRenderer.cpp)
d:\2017blueholeinternproject\basketballgame\cocos2d\cocos\base\ccutf8.h : warning C4819: 현재 코드 페이지(949)에서 표시할 수 없는 문자가 파일에 들어 있습니다. 데이터가 손실되지 않게 하려면 해당 파일을 유니코드 형식으로 저장하십시오. (소스 파일 컴파일 중 ..\SkeletonAnimation.cpp)
d:\2017blueholeinternproject\basketballgame\cocos2d\cocos\base\ccutf8.h : warning C4819: 현재 코드 페이지(949)에서 표시할 수 없는 문자가 파일에 들어 있습니다. 데이터가 손실되지 않게 하려면 해당 파일을 유니코드 형식으로 저장하십시오. (소스 파일 컴파일 중 ..\spine-cocos2dx.cpp)
d:\2017blueholeinternproject\basketballgame\cocos2d\cocos\base\ccutf8.h : warning C4819: 현재 코드 페이지(949)에서 표시할 수 없는 문자가 파일에 들어 있습니다. 데이터가 손실되지 않게 하려면 해당 파일을 유니코드 형식으로 저장하십시오. (소스 파일 컴파일 중 ..\Cocos2dAttachmentLoader.cpp)
d:\2017blueholeinternproject\basketballgame\cocos2d\cocos\platform\ccsaxparser.h : warning C4819: 현재 코드 페이지(949)에서 표시할 수 없는 문자가 파일에 들어 있습니다. 데이터가 손실되지 않게 하려면 해당 파일을 유니코드 형식으로 저장하십시오. (소스 파일 컴파일 중 ..\AttachmentVertices.cpp)
d:\2017blueholeinternproject\basketballgame\cocos2d\cocos\platform\ccsaxparser.h : warning C4819: 현재 코드 페이지(949)에서 표시할 수 없는 문자가 파일에 들어 있습니다. 데이터가 손실되지 않게 하려면 해당 파일을 유니코드 형식으로 저장하십시오. (소스 파일 컴파일 중 ..\SkeletonBatch.cpp)
d:\2017blueholeinternproject\basketballgame\cocos2d\cocos\platform\ccsaxparser.h : warning C4819: 현재 코드 페이지(949)에서 표시할 수 없는 문자가 파일에 들어 있습니다. 데이터가 손실되지 않게 하려면 해당 파일을 유니코드 형식으로 저장하십시오. (소스 파일 컴파일 중 ..\SkeletonRenderer.cpp)
d:\2017blueholeinternproject\basketballgame\cocos2d\cocos\platform\ccsaxparser.h : warning C4819: 현재 코드 페이지(949)에서 표시할 수 없는 문자가 파일에 들어 있습니다. 데이터가 손실되지 않게 하려면 해당 파일을 유니코드 형식으로 저장하십시오. (소스 파일 컴파일 중 ..\SkeletonAnimation.cpp)
d:\2017blueholeinternproject\basketballgame\cocos2d\cocos\platform\ccsaxparser.h : warning C4819: 현재 코드 페이지(949)에서 표시할 수 없는 문자가 파일에 들어 있습니다. 데이터가 손실되지 않게 하려면 해당 파일을 유니코드 형식으로 저장하십시오. (소스 파일 컴파일 중 ..\spine-cocos2dx.cpp)
d:\2017blueholeinternproject\basketballgame\cocos2d\cocos\platform\ccsaxparser.h : warning C4819: 현재 코드 페이지(949)에서 표시할 수 없는 문자가 파일에 들어 있습니다. 데이터가 손실되지 않게 하려면 해당 파일을 유니코드 형식으로 저장하십시오. (소스 파일 컴파일 중 ..\Cocos2dAttachmentLoader.cpp)
d:\2017blueholeinternproject\basketballgame\cocos2d\cocos\editor-support\spine\skeletonbatch.cpp(95): warning C4996: 'cocos2d::TrianglesCommand::init': deprecated로 선언되었습니다.
  d:\2017blueholeinternproject\basketballgame\cocos2d\cocos\renderer\cctrianglescommand.h(73): note: 'cocos2d::TrianglesCommand::init' 선언을 참조하십시오.
  libSpine.vcxproj -> D:\2017BlueholeInternProject\BasketBallGame\proj.win32\Debug.win32\libSpine.lib
